cabal: Entering directory '/var/folders/kk/kngh2vtx0v138fhh9rsjgydw0000gn/T/cabal-tmp-7607/charset-0.3.7.1'
Configuring charset-0.3.7.1...
Building charset-0.3.7.1...
Preprocessing library charset-0.3.7.1...
[1 of 9] Compiling Data.CharSet.ByteSet ( src/Data/CharSet/ByteSet.hs, dist/dist-sandbox-dcd36517/build/Data/CharSet/ByteSet.o )
[2 of 9] Compiling Data.CharSet     ( src/Data/CharSet.hs, dist/dist-sandbox-dcd36517/build/Data/CharSet.o )
[3 of 9] Compiling Data.CharSet.Common ( src/Data/CharSet/Common.hs, dist/dist-sandbox-dcd36517/build/Data/CharSet/Common.o )
[4 of 9] Compiling Data.CharSet.Posix.Ascii ( src/Data/CharSet/Posix/Ascii.hs, dist/dist-sandbox-dcd36517/build/Data/CharSet/Posix/Ascii.o )
[5 of 9] Compiling Data.CharSet.Unicode ( src/Data/CharSet/Unicode.hs, dist/dist-sandbox-dcd36517/build/Data/CharSet/Unicode.o )
[6 of 9] Compiling Data.CharSet.Unicode.Category ( src/Data/CharSet/Unicode/Category.hs, dist/dist-sandbox-dcd36517/build/Data/CharSet/Unicode/Category.o )
[7 of 9] Compiling Data.CharSet.Unicode.Block ( src/Data/CharSet/Unicode/Block.hs, dist/dist-sandbox-dcd36517/build/Data/CharSet/Unicode/Block.o )
[8 of 9] Compiling Data.CharSet.Posix.Unicode ( src/Data/CharSet/Posix/Unicode.hs, dist/dist-sandbox-dcd36517/build/Data/CharSet/Posix/Unicode.o )
[9 of 9] Compiling Data.CharSet.Posix ( src/Data/CharSet/Posix.hs, dist/dist-sandbox-dcd36517/build/Data/CharSet/Posix.o )
[1 of 9] Compiling Data.CharSet.ByteSet ( src/Data/CharSet/ByteSet.hs, dist/dist-sandbox-dcd36517/build/Data/CharSet/ByteSet.p_o )
[2 of 9] Compiling Data.CharSet     ( src/Data/CharSet.hs, dist/dist-sandbox-dcd36517/build/Data/CharSet.p_o )
[3 of 9] Compiling Data.CharSet.Common ( src/Data/CharSet/Common.hs, dist/dist-sandbox-dcd36517/build/Data/CharSet/Common.p_o )
[4 of 9] Compiling Data.CharSet.Posix.Ascii ( src/Data/CharSet/Posix/Ascii.hs, dist/dist-sandbox-dcd36517/build/Data/CharSet/Posix/Ascii.p_o )
[5 of 9] Compiling Data.CharSet.Unicode ( src/Data/CharSet/Unicode.hs, dist/dist-sandbox-dcd36517/build/Data/CharSet/Unicode.p_o )
[6 of 9] Compiling Data.CharSet.Unicode.Category ( src/Data/CharSet/Unicode/Category.hs, dist/dist-sandbox-dcd36517/build/Data/CharSet/Unicode/Category.p_o )
[7 of 9] Compiling Data.CharSet.Unicode.Block ( src/Data/CharSet/Unicode/Block.hs, dist/dist-sandbox-dcd36517/build/Data/CharSet/Unicode/Block.p_o )
[8 of 9] Compiling Data.CharSet.Posix.Unicode ( src/Data/CharSet/Posix/Unicode.hs, dist/dist-sandbox-dcd36517/build/Data/CharSet/Posix/Unicode.p_o )
[9 of 9] Compiling Data.CharSet.Posix ( src/Data/CharSet/Posix.hs, dist/dist-sandbox-dcd36517/build/Data/CharSet/Posix.p_o )
Running Haddock for charset-0.3.7.1...
Preprocessing library charset-0.3.7.1...
Haddock coverage:
  71% (  5 /  7) in 'Data.CharSet.ByteSet'
  Missing documentation for:
    ByteSet (src/Data/CharSet/ByteSet.hs:39)
    fromList (src/Data/CharSet/ByteSet.hs:53)
  35% ( 16 / 46) in 'Data.CharSet'
  Missing documentation for:
    CharSet (src/Data/CharSet.hs:94)
    \\ (src/Data/CharSet.hs:113)
    member (src/Data/CharSet.hs:203)
    notMember (src/Data/CharSet.hs:212)
    overlaps (src/Data/CharSet.hs:233)
    isSubsetOf (src/Data/CharSet.hs:240)
    isComplemented (src/Data/CharSet.hs:125)
    build (src/Data/CharSet.hs:116)
    empty (src/Data/CharSet.hs:140)
    singleton (src/Data/CharSet.hs:143)
    full (src/Data/CharSet.hs:147)
    insert (src/Data/CharSet.hs:162)
    delete (src/Data/CharSet.hs:172)
    complement (src/Data/CharSet.hs:177)
    range (src/Data/CharSet.hs:167)
    union (src/Data/CharSet.hs:182)
    intersection (src/Data/CharSet.hs:189)
    difference (src/Data/CharSet.hs:196)
    filter (src/Data/CharSet.hs:221)
    partition (src/Data/CharSet.hs:226)
    map (src/Data/CharSet.hs:120)
    fold (src/Data/CharSet.hs:216)
    toList (src/Data/CharSet.hs:130)
    fromList (src/Data/CharSet.hs:247)
    toAscList (src/Data/CharSet.hs:135)
    fromAscList (src/Data/CharSet.hs:251)
    fromDistinctAscList (src/Data/CharSet.hs:255)
    fromCharSet (src/Data/CharSet.hs:309)
    toCharSet (src/Data/CharSet.hs:313)
    toArray (src/Data/CharSet.hs:328)
  10% (  2 / 21) in 'Data.CharSet.Common'
  Missing documentation for:
    control (src/Data/CharSet/Common.hs:42)
    space (src/Data/CharSet/Common.hs:42)
    lower (src/Data/CharSet/Common.hs:42)
    upper (src/Data/CharSet/Common.hs:42)
    alpha (src/Data/CharSet/Common.hs:42)
    alphaNum (src/Data/CharSet/Common.hs:42)
    print (src/Data/CharSet/Common.hs:42)
    digit (src/Data/CharSet/Common.hs:42)
    octDigit (src/Data/CharSet/Common.hs:42)
    letter (src/Data/CharSet/Common.hs:42)
    mark (src/Data/CharSet/Common.hs:42)
    number (src/Data/CharSet/Common.hs:42)
    punctuation (src/Data/CharSet/Common.hs:42)
    symbol (src/Data/CharSet/Common.hs:42)
    separator (src/Data/CharSet/Common.hs:42)
    ascii (src/Data/CharSet/Common.hs:42)
    latin1 (src/Data/CharSet/Common.hs:42)
    asciiUpper (src/Data/CharSet/Common.hs:42)
    asciiLower (src/Data/CharSet/Common.hs:42)
  11% (  2 / 18) in 'Data.CharSet.Posix.Ascii'
  Missing documentation for:
    posixAscii (src/Data/CharSet/Posix/Ascii.hs:42)
    lookupPosixAsciiCharSet (src/Data/CharSet/Posix/Ascii.hs:60)
    alnum (src/Data/CharSet/Posix/Ascii.hs:25)
    alpha (src/Data/CharSet/Posix/Ascii.hs:25)
    ascii (src/Data/CharSet/Posix/Ascii.hs:25)
    blank (src/Data/CharSet/Posix/Ascii.hs:25)
    cntrl (src/Data/CharSet/Posix/Ascii.hs:25)
    digit (src/Data/CharSet/Posix/Ascii.hs:25)
    graph (src/Data/CharSet/Posix/Ascii.hs:25)
    print (src/Data/CharSet/Posix/Ascii.hs:25)
    word (src/Data/CharSet/Posix/Ascii.hs:25)
    punct (src/Data/CharSet/Posix/Ascii.hs:25)
    space (src/Data/CharSet/Posix/Ascii.hs:25)
    upper (src/Data/CharSet/Posix/Ascii.hs:25)
    lower (src/Data/CharSet/Posix/Ascii.hs:25)
    xdigit (src/Data/CharSet/Posix/Ascii.hs:25)
  23% ( 12 / 52) in 'Data.CharSet.Unicode'
  Missing documentation for:
    UnicodeCategory (src/Data/CharSet/Unicode.hs:46)
    unicodeCategories (src/Data/CharSet/Unicode.hs:50)
    modifierLetter (src/Data/CharSet/Unicode.hs:95)
    otherLetter (src/Data/CharSet/Unicode.hs:95)
    letter (src/Data/CharSet/Unicode.hs:95)
    lowercaseLetter (src/Data/CharSet/Unicode.hs:95)
    uppercaseLetter (src/Data/CharSet/Unicode.hs:95)
    titlecaseLetter (src/Data/CharSet/Unicode.hs:95)
    letterAnd (src/Data/CharSet/Unicode.hs:95)
    nonSpacingMark (src/Data/CharSet/Unicode.hs:110)
    spacingCombiningMark (src/Data/CharSet/Unicode.hs:110)
    enclosingMark (src/Data/CharSet/Unicode.hs:110)
    mark (src/Data/CharSet/Unicode.hs:110)
    space (src/Data/CharSet/Unicode.hs:119)
    lineSeparator (src/Data/CharSet/Unicode.hs:119)
    paragraphSeparator (src/Data/CharSet/Unicode.hs:119)
    separator (src/Data/CharSet/Unicode.hs:119)
    mathSymbol (src/Data/CharSet/Unicode.hs:128)
    currencySymbol (src/Data/CharSet/Unicode.hs:128)
    modifierSymbol (src/Data/CharSet/Unicode.hs:128)
    otherSymbol (src/Data/CharSet/Unicode.hs:128)
    symbol (src/Data/CharSet/Unicode.hs:128)
    decimalNumber (src/Data/CharSet/Unicode.hs:139)
    letterNumber (src/Data/CharSet/Unicode.hs:139)
    otherNumber (src/Data/CharSet/Unicode.hs:139)
    number (src/Data/CharSet/Unicode.hs:139)
    dashPunctuation (src/Data/CharSet/Unicode.hs:148)
    openPunctuation (src/Data/CharSet/Unicode.hs:148)
    closePunctuation (src/Data/CharSet/Unicode.hs:148)
    initialQuote (src/Data/CharSet/Unicode.hs:148)
    finalQuote (src/Data/CharSet/Unicode.hs:148)
    connectorPunctuation (src/Data/CharSet/Unicode.hs:148)
    otherPunctuation (src/Data/CharSet/Unicode.hs:148)
    punctuation (src/Data/CharSet/Unicode.hs:148)
    control (src/Data/CharSet/Unicode.hs:167)
    format (src/Data/CharSet/Unicode.hs:167)
    privateUse (src/Data/CharSet/Unicode.hs:167)
    surrogate (src/Data/CharSet/Unicode.hs:167)
    notAssigned (src/Data/CharSet/Unicode.hs:167)
    other (src/Data/CharSet/Unicode.hs:167)
  22% ( 12 / 54) in 'Data.CharSet.Unicode.Category'
  Missing documentation for:
    Category (src/Data/CharSet/Unicode/Category.hs:53)
    categories (src/Data/CharSet/Unicode/Category.hs:61)
    lookupCategory (src/Data/CharSet/Unicode/Category.hs:109)
    lookupCategoryCharSet (src/Data/CharSet/Unicode/Category.hs:112)
    modifierLetter (src/Data/CharSet/Unicode/Category.hs:130)
    otherLetter (src/Data/CharSet/Unicode/Category.hs:130)
    letter (src/Data/CharSet/Unicode/Category.hs:130)
    lowercaseLetter (src/Data/CharSet/Unicode/Category.hs:130)
    uppercaseLetter (src/Data/CharSet/Unicode/Category.hs:130)
    titlecaseLetter (src/Data/CharSet/Unicode/Category.hs:130)
    letterAnd (src/Data/CharSet/Unicode/Category.hs:130)
    nonSpacingMark (src/Data/CharSet/Unicode/Category.hs:145)
    spacingCombiningMark (src/Data/CharSet/Unicode/Category.hs:145)
    enclosingMark (src/Data/CharSet/Unicode/Category.hs:145)
    mark (src/Data/CharSet/Unicode/Category.hs:145)
    space (src/Data/CharSet/Unicode/Category.hs:154)
    lineSeparator (src/Data/CharSet/Unicode/Category.hs:154)
    paragraphSeparator (src/Data/CharSet/Unicode/Category.hs:154)
    separator (src/Data/CharSet/Unicode/Category.hs:154)
    mathSymbol (src/Data/CharSet/Unicode/Category.hs:163)
    currencySymbol (src/Data/CharSet/Unicode/Category.hs:163)
    modifierSymbol (src/Data/CharSet/Unicode/Category.hs:163)
    otherSymbol (src/Data/CharSet/Unicode/Category.hs:163)
    symbol (src/Data/CharSet/Unicode/Category.hs:163)
    decimalNumber (src/Data/CharSet/Unicode/Category.hs:174)
    letterNumber (src/Data/CharSet/Unicode/Category.hs:174)
    otherNumber (src/Data/CharSet/Unicode/Category.hs:174)
    number (src/Data/CharSet/Unicode/Category.hs:174)
    dashPunctuation (src/Data/CharSet/Unicode/Category.hs:183)
    openPunctuation (src/Data/CharSet/Unicode/Category.hs:183)
    closePunctuation (src/Data/CharSet/Unicode/Category.hs:183)
    initialQuote (src/Data/CharSet/Unicode/Category.hs:183)
    finalQuote (src/Data/CharSet/Unicode/Category.hs:183)
    connectorPunctuation (src/Data/CharSet/Unicode/Category.hs:183)
    otherPunctuation (src/Data/CharSet/Unicode/Category.hs:183)
    punctuation (src/Data/CharSet/Unicode/Category.hs:183)
    control (src/Data/CharSet/Unicode/Category.hs:202)
    format (src/Data/CharSet/Unicode/Category.hs:202)
    privateUse (src/Data/CharSet/Unicode/Category.hs:202)
    surrogate (src/Data/CharSet/Unicode/Category.hs:202)
    notAssigned (src/Data/CharSet/Unicode/Category.hs:202)
    other (src/Data/CharSet/Unicode/Category.hs:202)
   4% (  4 /113) in 'Data.CharSet.Unicode.Block'
  Missing documentation for:
    Block (src/Data/CharSet/Unicode/Block.hs:139)
    blocks (src/Data/CharSet/Unicode/Block.hs:144)
    lookupBlock (src/Data/CharSet/Unicode/Block.hs:268)
    lookupBlockCharSet (src/Data/CharSet/Unicode/Block.hs:271)
    basicLatin (src/Data/CharSet/Unicode/Block.hs:274)
    latin1Supplement (src/Data/CharSet/Unicode/Block.hs:275)
    latinExtendedA (src/Data/CharSet/Unicode/Block.hs:276)
    latinExtendedB (src/Data/CharSet/Unicode/Block.hs:277)
    ipaExtensions (src/Data/CharSet/Unicode/Block.hs:278)
    spacingModifierLetters (src/Data/CharSet/Unicode/Block.hs:279)
    combiningDiacriticalMarks (src/Data/CharSet/Unicode/Block.hs:280)
    greekAndCoptic (src/Data/CharSet/Unicode/Block.hs:281)
    cyrillic (src/Data/CharSet/Unicode/Block.hs:282)
    cyrillicSupplementary (src/Data/CharSet/Unicode/Block.hs:283)
    armenian (src/Data/CharSet/Unicode/Block.hs:284)
    hebrew (src/Data/CharSet/Unicode/Block.hs:285)
    arabic (src/Data/CharSet/Unicode/Block.hs:286)
    syriac (src/Data/CharSet/Unicode/Block.hs:287)
    thaana (src/Data/CharSet/Unicode/Block.hs:288)
    devanagari (src/Data/CharSet/Unicode/Block.hs:289)
    bengali (src/Data/CharSet/Unicode/Block.hs:290)
    gurmukhi (src/Data/CharSet/Unicode/Block.hs:291)
    gujarati (src/Data/CharSet/Unicode/Block.hs:292)
    oriya (src/Data/CharSet/Unicode/Block.hs:293)
    tamil (src/Data/CharSet/Unicode/Block.hs:294)
    telugu (src/Data/CharSet/Unicode/Block.hs:295)
    kannada (src/Data/CharSet/Unicode/Block.hs:296)
    malayalam (src/Data/CharSet/Unicode/Block.hs:297)
    sinhala (src/Data/CharSet/Unicode/Block.hs:298)
    thai (src/Data/CharSet/Unicode/Block.hs:299)
    lao (src/Data/CharSet/Unicode/Block.hs:300)
    tibetan (src/Data/CharSet/Unicode/Block.hs:301)
    myanmar (src/Data/CharSet/Unicode/Block.hs:302)
    georgian (src/Data/CharSet/Unicode/Block.hs:303)
    hangulJamo (src/Data/CharSet/Unicode/Block.hs:304)
    ethiopic (src/Data/CharSet/Unicode/Block.hs:305)
    cherokee (src/Data/CharSet/Unicode/Block.hs:306)
    unifiedCanadianAboriginalSyllabics (src/Data/CharSet/Unicode/Block.hs:307)
    ogham (src/Data/CharSet/Unicode/Block.hs:308)
    runic (src/Data/CharSet/Unicode/Block.hs:309)
    tagalog (src/Data/CharSet/Unicode/Block.hs:310)
    hanunoo (src/Data/CharSet/Unicode/Block.hs:311)
    buhid (src/Data/CharSet/Unicode/Block.hs:312)
    tagbanwa (src/Data/CharSet/Unicode/Block.hs:313)
    khmer (src/Data/CharSet/Unicode/Block.hs:314)
    mongolian (src/Data/CharSet/Unicode/Block.hs:315)
    limbu (src/Data/CharSet/Unicode/Block.hs:316)
    taiLe (src/Data/CharSet/Unicode/Block.hs:317)
    khmerSymbols (src/Data/CharSet/Unicode/Block.hs:318)
    phoneticExtensions (src/Data/CharSet/Unicode/Block.hs:319)
    latinExtendedAdditional (src/Data/CharSet/Unicode/Block.hs:320)
    greekExtended (src/Data/CharSet/Unicode/Block.hs:321)
    generalPunctuation (src/Data/CharSet/Unicode/Block.hs:322)
    superscriptsAndSubscripts (src/Data/CharSet/Unicode/Block.hs:323)
    currencySymbols (src/Data/CharSet/Unicode/Block.hs:324)
    combiningDiacriticalMarksForSymbols (src/Data/CharSet/Unicode/Block.hs:325)
    letterlikeSymbols (src/Data/CharSet/Unicode/Block.hs:326)
    numberForms (src/Data/CharSet/Unicode/Block.hs:327)
    arrows (src/Data/CharSet/Unicode/Block.hs:328)
    mathematicalOperators (src/Data/CharSet/Unicode/Block.hs:329)
    miscellaneousTechnical (src/Data/CharSet/Unicode/Block.hs:330)
    controlPictures (src/Data/CharSet/Unicode/Block.hs:331)
    opticalCharacterRecognition (src/Data/CharSet/Unicode/Block.hs:332)
    enclosedAlphanumerics (src/Data/CharSet/Unicode/Block.hs:333)
    boxDrawing (src/Data/CharSet/Unicode/Block.hs:334)
    blockElements (src/Data/CharSet/Unicode/Block.hs:335)
    geometricShapes (src/Data/CharSet/Unicode/Block.hs:336)
    miscellaneousSymbols (src/Data/CharSet/Unicode/Block.hs:337)
    dingbats (src/Data/CharSet/Unicode/Block.hs:338)
    miscellaneousMathematicalSymbolsA (src/Data/CharSet/Unicode/Block.hs:339)
    supplementalArrowsA (src/Data/CharSet/Unicode/Block.hs:340)
    braillePatterns (src/Data/CharSet/Unicode/Block.hs:341)
    supplementalArrowsB (src/Data/CharSet/Unicode/Block.hs:342)
    miscellaneousMathematicalSymbolsB (src/Data/CharSet/Unicode/Block.hs:343)
    supplementalMathematicalOperators (src/Data/CharSet/Unicode/Block.hs:344)
    miscellaneousSymbolsAndArrows (src/Data/CharSet/Unicode/Block.hs:345)
    cjkRadicalsSupplement (src/Data/CharSet/Unicode/Block.hs:346)
    kangxiRadicals (src/Data/CharSet/Unicode/Block.hs:347)
    ideographicDescriptionCharacters (src/Data/CharSet/Unicode/Block.hs:348)
    cjkSymbolsAndPunctuation (src/Data/CharSet/Unicode/Block.hs:349)
    hiragana (src/Data/CharSet/Unicode/Block.hs:350)
    katakana (src/Data/CharSet/Unicode/Block.hs:351)
    bopomofo (src/Data/CharSet/Unicode/Block.hs:352)
    hangulCompatibilityJamo (src/Data/CharSet/Unicode/Block.hs:353)
    kanbun (src/Data/CharSet/Unicode/Block.hs:354)
    bopomofoExtended (src/Data/CharSet/Unicode/Block.hs:355)
    katakanaPhoneticExtensions (src/Data/CharSet/Unicode/Block.hs:356)
    enclosedCjkLettersAndMonths (src/Data/CharSet/Unicode/Block.hs:357)
    cjkCompatibility (src/Data/CharSet/Unicode/Block.hs:358)
    cjkUnifiedIdeographsExtensionA (src/Data/CharSet/Unicode/Block.hs:359)
    yijingHexagramSymbols (src/Data/CharSet/Unicode/Block.hs:360)
    cjkUnifiedIdeographs (src/Data/CharSet/Unicode/Block.hs:361)
    yiSyllables (src/Data/CharSet/Unicode/Block.hs:362)
    yiRadicals (src/Data/CharSet/Unicode/Block.hs:363)
    hangulSyllables (src/Data/CharSet/Unicode/Block.hs:364)
    highSurrogates (src/Data/CharSet/Unicode/Block.hs:365)
    highPrivateUseSurrogates (src/Data/CharSet/Unicode/Block.hs:366)
    lowSurrogates (src/Data/CharSet/Unicode/Block.hs:367)
    privateUseArea (src/Data/CharSet/Unicode/Block.hs:368)
    cjkCompatibilityIdeographs (src/Data/CharSet/Unicode/Block.hs:369)
    alphabeticPresentationForms (src/Data/CharSet/Unicode/Block.hs:370)
    arabicPresentationFormsA (src/Data/CharSet/Unicode/Block.hs:371)
    variationSelectors (src/Data/CharSet/Unicode/Block.hs:372)
    combiningHalfMarks (src/Data/CharSet/Unicode/Block.hs:373)
    cjkCompatibilityForms (src/Data/CharSet/Unicode/Block.hs:374)
    smallFormVariants (src/Data/CharSet/Unicode/Block.hs:375)
    arabicPresentationFormsB (src/Data/CharSet/Unicode/Block.hs:376)
    halfwidthAndFullwidthForms (src/Data/CharSet/Unicode/Block.hs:377)
    specials (src/Data/CharSet/Unicode/Block.hs:378)
  11% (  2 / 18) in 'Data.CharSet.Posix.Unicode'
  Missing documentation for:
    posixUnicode (src/Data/CharSet/Posix/Unicode.hs:44)
    lookupPosixUnicodeCharSet (src/Data/CharSet/Posix/Unicode.hs:62)
    alnum (src/Data/CharSet/Posix/Unicode.hs:27)
    alpha (src/Data/CharSet/Posix/Unicode.hs:27)
    ascii (src/Data/CharSet/Posix/Unicode.hs:27)
    blank (src/Data/CharSet/Posix/Unicode.hs:27)
    cntrl (src/Data/CharSet/Posix/Unicode.hs:27)
    digit (src/Data/CharSet/Posix/Unicode.hs:27)
    graph (src/Data/CharSet/Posix/Unicode.hs:27)
    print (src/Data/CharSet/Posix/Unicode.hs:27)
    word (src/Data/CharSet/Posix/Unicode.hs:27)
    punct (src/Data/CharSet/Posix/Unicode.hs:27)
    space (src/Data/CharSet/Posix/Unicode.hs:27)
    upper (src/Data/CharSet/Posix/Unicode.hs:27)
    lower (src/Data/CharSet/Posix/Unicode.hs:27)
    xdigit (src/Data/CharSet/Posix/Unicode.hs:27)
  20% (  1 /  5) in 'Data.CharSet.Posix'
  Missing documentation for:
    posixAscii (src/Data/CharSet/Posix/Ascii.hs:42)
    lookupPosixAsciiCharSet (src/Data/CharSet/Posix/Ascii.hs:60)
    posixUnicode (src/Data/CharSet/Posix/Unicode.hs:44)
    lookupPosixUnicodeCharSet (src/Data/CharSet/Posix/Unicode.hs:62)
Documentation created: dist/dist-sandbox-dcd36517/doc/html/charset/index.html
Creating package registration file:
/var/folders/kk/kngh2vtx0v138fhh9rsjgydw0000gn/T/pkgConf-charset-0.3.719548990971636807826.1
Installing library in
/Users/jordanemedlock/Projects/dlib-hs/.cabal-sandbox/lib/x86_64-osx-ghc-8.0.1/charset-0.3.7.1-GVChdxze3Bm2906YqYWvw0
Registering charset-0.3.7.1...
cabal: Leaving directory '/var/folders/kk/kngh2vtx0v138fhh9rsjgydw0000gn/T/cabal-tmp-7607/charset-0.3.7.1'
